<?xml version="1.0" encoding="UTF-8" ?>
<testsuite tests="3" failures="1" name="com.wipro.bank.assessment.AppTest" time="0.016" errors="0" skipped="0">
  <properties>
[...]
</properties>
  <testcase classname="com.wipro.bank.assessment.AppTest" name="testGetAccountDetailsByID1" time="0"/>
  <testcase classname="com.wipro.bank.assessment.AppTest" name="testGetAccountDetailsByID2" time="0"/>
  <testcase classname="com.wipro.bank.assessment.AppTest" name="getAccountDetailsByBalance1" time="0.016">
    <failure message="When No account found: expected null, but was:&lt;[Account [accountID=1, userName=acc1, balance=101.11], Account [accountID=2, userName=patel, balance=202.22], Account [accountID=3, userName=acc3, balance=303.33], Account [accountID=4, userName=acc4, balance=404.43], Account [accountID=5, userName=acc5, balance=505.55], Account [accountID=1, userName=acc1, balance=101.11], Account [accountID=2, userName=patel, balance=202.22], Account [accountID=3, userName=acc3, balance=303.33], Account [accountID=4, userName=acc4, balance=404.43], Account [accountID=5, userName=acc5, balance=505.55], Account [accountID=1, userName=acc1, balance=101.11], Account [accountID=2, userName=patel, balance=202.22], Account [accountID=3, userName=acc3, balance=303.33], Account [accountID=4, userName=acc4, balance=404.43], Account [accountID=5, userName=acc5, balance=505.55]]&gt;" type="java.lang.AssertionError">java.lang.AssertionError: When No account found: expected null, but was:&lt;[Account [accountID=1, userName=acc1, balance=101.11], Account [accountID=2, userName=patel, balance=202.22], Account [accountID=3, userName=acc3, balance=303.33], Account [accountID=4, userName=acc4, balance=404.43], Account [accountID=5, userName=acc5, balance=505.55], Account [accountID=1, userName=acc1, balance=101.11], Account [accountID=2, userName=patel, balance=202.22], Account [accountID=3, userName=acc3, balance=303.33], Account [accountID=4, userName=acc4, balance=404.43], Account [accountID=5, userName=acc5, balance=505.55], Account [accountID=1, userName=acc1, balance=101.11], Account [accountID=2, userName=patel, balance=202.22], Account [accountID=3, userName=acc3, balance=303.33], Account [accountID=4, userName=acc4, balance=404.43], Account [accountID=5, userName=acc5, balance=505.55]]&gt;
	at org.junit.Assert.fail(Assert.java:88)
	at org.junit.Assert.failNotNull(Assert.java:664)
	at org.junit.Assert.assertNull(Assert.java:646)
	at com.wipro.bank.assessment.AppTest.getAccountDetailsByBalance1(AppTest.java:49)
	at sun.reflect.NativeMethodAccessorImpl.invoke0(Native Method)
	at sun.reflect.NativeMethodAccessorImpl.invoke(NativeMethodAccessorImpl.java:62)
	at sun.reflect.DelegatingMethodAccessorImpl.invoke(DelegatingMethodAccessorImpl.java:43)
	at java.lang.reflect.Method.invoke(Method.java:498)
	at org.junit.runners.model.FrameworkMethod$1.runReflectiveCall(FrameworkMethod.java:47)
	at org.junit.internal.runners.model.ReflectiveCallable.run(ReflectiveCallable.java:12)
	at org.junit.runners.model.FrameworkMethod.invokeExplosively(FrameworkMethod.java:44)
	at org.junit.internal.runners.statements.InvokeMethod.evaluate(InvokeMethod.java:17)
	at org.junit.internal.runners.statements.RunBefores.evaluate(RunBefores.java:26)
	at org.junit.runners.ParentRunner.runLeaf(ParentRunner.java:271)
	at org.junit.runners.BlockJUnit4ClassRunner.runChild(BlockJUnit4ClassRunner.java:70)
	at org.junit.runners.BlockJUnit4ClassRunner.runChild(BlockJUnit4ClassRunner.java:50)
	at org.junit.runners.ParentRunner$3.run(ParentRunner.java:238)
	at org.junit.runners.ParentRunner$1.schedule(ParentRunner.java:63)
	at org.junit.runners.ParentRunner.runChildren(ParentRunner.java:236)
	at org.junit.runners.ParentRunner.access$000(ParentRunner.java:53)
	at org.junit.runners.ParentRunner$2.evaluate(ParentRunner.java:229)
	at org.junit.runners.ParentRunner.run(ParentRunner.java:309)
	at org.apache.maven.surefire.junit4.JUnit4Provider.execute(JUnit4Provider.java:252)
	at org.apache.maven.surefire.junit4.JUnit4Provider.executeTestSet(JUnit4Provider.java:141)
	at org.apache.maven.surefire.junit4.JUnit4Provider.invoke(JUnit4Provider.java:112)
	at sun.reflect.NativeMethodAccessorImpl.invoke0(Native Method)
	at sun.reflect.NativeMethodAccessorImpl.invoke(NativeMethodAccessorImpl.java:62)
	at sun.reflect.DelegatingMethodAccessorImpl.invoke(DelegatingMethodAccessorImpl.java:43)
	at java.lang.reflect.Method.invoke(Method.java:498)
	at org.apache.maven.surefire.util.ReflectionUtils.invokeMethodWithArray(ReflectionUtils.java:189)
	at org.apache.maven.surefire.booter.ProviderFactory$ProviderProxy.invoke(ProviderFactory.java:165)
	at org.apache.maven.surefire.booter.ProviderFactory.invokeProvider(ProviderFactory.java:85)
	at org.apache.maven.surefire.booter.ForkedBooter.runSuitesInProcess(ForkedBooter.java:115)
	at org.apache.maven.surefire.booter.ForkedBooter.main(ForkedBooter.java:75)
</failure>
    <system-out>90.01&gt;=101.11
90.01&gt;=202.22
90.01&gt;=303.33
90.01&gt;=404.43
90.01&gt;=505.55
90.01&gt;=101.11
90.01&gt;=202.22
90.01&gt;=303.33
90.01&gt;=404.43
90.01&gt;=505.55
90.01&gt;=101.11
90.01&gt;=202.22
90.01&gt;=303.33
90.01&gt;=404.43
90.01&gt;=505.55
15 ****
</system-out>
  </testcase>
</testsuite>